<?xml version="1.0" encoding="UTF-8"?>
<testsuite name="com.example.messagingrabbitmq.MessagingRabbitmqApplicationTest" tests="1" skipped="0" failures="0" errors="0" timestamp="2021-02-09T14:17:11" hostname="SKPSX53800005P" time="0.066">
  <properties/>
  <testcase name="test()" classname="com.example.messagingrabbitmq.MessagingRabbitmqApplicationTest" time="0.066"/>
  <system-out><![CDATA[14:17:06.448 [Test worker] DEBUG org.springframework.test.context.BootstrapUtils - Instantiating CacheAwareContextLoaderDelegate from class [org.springframework.test.context.cache.DefaultCacheAwareContextLoaderDelegate]
14:17:06.471 [Test worker] DEBUG org.springframework.test.context.BootstrapUtils - Instantiating BootstrapContext using constructor [public org.springframework.test.context.support.DefaultBootstrapContext(java.lang.Class,org.springframework.test.context.CacheAwareContextLoaderDelegate)]
14:17:06.533 [Test worker] DEBUG org.springframework.test.context.BootstrapUtils - Instantiating TestContextBootstrapper for test class [com.example.messagingrabbitmq.MessagingRabbitmqApplicationTest] from class [org.springframework.boot.test.context.SpringBootTestContextBootstrapper]
14:17:06.551 [Test worker] INFO org.springframework.boot.test.context.SpringBootTestContextBootstrapper - Neither @ContextConfiguration nor @ContextHierarchy found for test class [com.example.messagingrabbitmq.MessagingRabbitmqApplicationTest], using SpringBootContextLoader
14:17:06.558 [Test worker] DEBUG org.springframework.test.context.support.AbstractContextLoader - Did not detect default resource location for test class [com.example.messagingrabbitmq.MessagingRabbitmqApplicationTest]: class path resource [com/example/messagingrabbitmq/MessagingRabbitmqApplicationTest-context.xml] does not exist
14:17:06.559 [Test worker] DEBUG org.springframework.test.context.support.AbstractContextLoader - Did not detect default resource location for test class [com.example.messagingrabbitmq.MessagingRabbitmqApplicationTest]: class path resource [com/example/messagingrabbitmq/MessagingRabbitmqApplicationTestContext.groovy] does not exist
14:17:06.560 [Test worker] INFO org.springframework.test.context.support.AbstractContextLoader - Could not detect default resource locations for test class [com.example.messagingrabbitmq.MessagingRabbitmqApplicationTest]: no resource found for suffixes {-context.xml, Context.groovy}.
14:17:06.562 [Test worker] INFO org.springframework.test.context.support.AnnotationConfigContextLoaderUtils - Could not detect default configuration classes for test class [com.example.messagingrabbitmq.MessagingRabbitmqApplicationTest]: MessagingRabbitmqApplicationTest does not declare any static, non-private, non-final, nested classes annotated with @Configuration.
14:17:06.669 [Test worker] DEBUG org.springframework.test.context.support.ActiveProfilesUtils - Could not find an 'annotation declaring class' for annotation type [org.springframework.test.context.ActiveProfiles] and class [com.example.messagingrabbitmq.MessagingRabbitmqApplicationTest]
14:17:06.786 [Test worker] DEBUG org.springframework.context.annotation.ClassPathScanningCandidateComponentProvider - Identified candidate component class: file [C:\Development\SpringRabbitMQ\appian-rabbit\build\classes\java\main\com\example\messagingrabbitmq\MessagingRabbitmqApplication.class]
14:17:06.790 [Test worker] INFO org.springframework.boot.test.context.SpringBootTestContextBootstrapper - Found @SpringBootConfiguration com.example.messagingrabbitmq.MessagingRabbitmqApplication for test class com.example.messagingrabbitmq.MessagingRabbitmqApplicationTest
14:17:06.955 [Test worker] DEBUG org.springframework.boot.test.context.SpringBootTestContextBootstrapper - @TestExecutionListeners is not present for class [com.example.messagingrabbitmq.MessagingRabbitmqApplicationTest]: using defaults.
14:17:06.956 [Test worker] INFO org.springframework.boot.test.context.SpringBootTestContextBootstrapper - Loaded default TestExecutionListener class names from location [META-INF/spring.factories]: [org.springframework.boot.test.autoconfigure.restdocs.RestDocsTestExecutionListener, org.springframework.boot.test.autoconfigure.web.client.MockRestServiceServerResetTestExecutionListener, org.springframework.boot.test.autoconfigure.web.servlet.MockMvcPrintOnlyOnFailureTestExecutionListener, org.springframework.boot.test.autoconfigure.web.servlet.WebDriverTestExecutionListener, org.springframework.boot.test.autoconfigure.webservices.client.MockWebServiceServerTestExecutionListener, org.springframework.boot.test.mock.mockito.MockitoTestExecutionListener, org.springframework.boot.test.mock.mockito.ResetMocksTestExecutionListener, org.springframework.test.context.web.ServletTestExecutionListener, org.springframework.test.context.support.DirtiesContextBeforeModesTestExecutionListener, org.springframework.test.context.event.ApplicationEventsTestExecutionListener, org.springframework.test.context.support.DependencyInjectionTestExecutionListener, org.springframework.test.context.support.DirtiesContextTestExecutionListener, org.springframework.test.context.transaction.TransactionalTestExecutionListener, org.springframework.test.context.jdbc.SqlScriptsTestExecutionListener, org.springframework.test.context.event.EventPublishingTestExecutionListener]
14:17:06.971 [Test worker] DEBUG org.springframework.boot.test.context.SpringBootTestContextBootstrapper - Skipping candidate TestExecutionListener [org.springframework.test.context.web.ServletTestExecutionListener] due to a missing dependency. Specify custom listener classes or make the default listener classes and their required dependencies available. Offending class: [javax/servlet/ServletContext]
14:17:06.989 [Test worker] INFO org.springframework.boot.test.context.SpringBootTestContextBootstrapper - Using TestExecutionListeners: [org.springframework.test.context.support.DirtiesContextBeforeModesTestExecutionListener@49c480d3, org.springframework.test.context.event.ApplicationEventsTestExecutionListener@11d0fd21, org.springframework.boot.test.mock.mockito.MockitoTestExecutionListener@77e70d96, org.springframework.boot.test.autoconfigure.SpringBootDependencyInjectionTestExecutionListener@5c0f62a, org.springframework.test.context.support.DirtiesContextTestExecutionListener@686f3c59, org.springframework.test.context.transaction.TransactionalTestExecutionListener@7ec0ed80, org.springframework.test.context.jdbc.SqlScriptsTestExecutionListener@3104d473, org.springframework.test.context.event.EventPublishingTestExecutionListener@33f705df, org.springframework.boot.test.autoconfigure.restdocs.RestDocsTestExecutionListener@22eb6a0c, org.springframework.boot.test.autoconfigure.web.client.MockRestServiceServerResetTestExecutionListener@5b3e2f3c, org.springframework.boot.test.autoconfigure.web.servlet.MockMvcPrintOnlyOnFailureTestExecutionListener@4c8ecf64, org.springframework.boot.test.autoconfigure.web.servlet.WebDriverTestExecutionListener@475ce2d7, org.springframework.boot.test.autoconfigure.webservices.client.MockWebServiceServerTestExecutionListener@3e9e5b3a, org.springframework.boot.test.mock.mockito.ResetMocksTestExecutionListener@1473d41a]
14:17:07.026 [Test worker] DEBUG org.springframework.test.context.support.AbstractDirtiesContextTestExecutionListener - Before test class: context [DefaultTestContext@4a14b10d testClass = MessagingRabbitmqApplicationTest, testInstance = [null], testMethod = [null], testException = [null], mergedContextConfiguration = [MergedContextConfiguration@7f2e79b testClass = MessagingRabbitmqApplicationTest, locations = '{}', classes = '{class com.example.messagingrabbitmq.MessagingRabbitmqApplication}', contextInitializerClasses = '[]', activeProfiles = '{}', propertySourceLocations = '{}', propertySourceProperties = '{org.springframework.boot.test.context.SpringBootTestContextBootstrapper=true}', contextCustomizers = set[org.springframework.boot.test.autoconfigure.actuate.metrics.MetricsExportContextCustomizerFactory$DisableMetricExportContextCustomizer@5c0d3baa, org.springframework.boot.test.autoconfigure.properties.PropertyMappingContextCustomizer@0, org.springframework.boot.test.autoconfigure.web.servlet.WebDriverContextCustomizerFactory$Customizer@221941d5, org.springframework.boot.test.context.filter.ExcludeFilterContextCustomizer@779918e7, org.springframework.boot.test.json.DuplicateJsonObjectContextCustomizerFactory$DuplicateJsonObjectContextCustomizer@3e9eedd, org.springframework.boot.test.mock.mockito.MockitoContextCustomizer@7be060ff, org.springframework.boot.test.web.client.TestRestTemplateContextCustomizer@1276e28b, org.springframework.boot.test.context.SpringBootTestArgs@1, org.springframework.boot.test.context.SpringBootTestWebEnvironment@49a4e52e], contextLoader = 'org.springframework.boot.test.context.SpringBootContextLoader', parent = [null]], attributes = map[[empty]]], class annotated with @DirtiesContext [false] with mode [null].
14:17:07.081 [Test worker] DEBUG org.springframework.test.context.support.TestPropertySourceUtils - Adding inlined properties to environment: {spring.jmx.enabled=false, org.springframework.boot.test.context.SpringBootTestContextBootstrapper=true}

  .   ____          _            __ _ _
 /\\ / ___'_ __ _ _(_)_ __  __ _ \ \ \ \
( ( )\___ | '_ | '_| | '_ \/ _` | \ \ \ \
 \\/  ___)| |_)| | | | | || (_| |  ) ) ) )
  '  |____| .__|_| |_|_| |_\__, | / / / /
 =========|_|==============|___/=/_/_/_/
 :: Spring Boot ::                (v2.4.2)

2021-02-09 14:17:07.645  INFO 17324 --- [    Test worker] c.e.m.MessagingRabbitmqApplicationTest   : Starting MessagingRabbitmqApplicationTest using Java 11.0.8 on SKPSX53800005P with PID 17324 (started by E1125609 in C:\Development\SpringRabbitMQ\appian-rabbit)
2021-02-09 14:17:07.660  INFO 17324 --- [    Test worker] c.e.m.MessagingRabbitmqApplicationTest   : No active profile set, falling back to default profiles: default
2021-02-09 14:17:10.774  INFO 17324 --- [    Test worker] o.s.a.r.c.CachingConnectionFactory       : Attempting to connect to: [localhost:5672]
2021-02-09 14:17:10.965  INFO 17324 --- [    Test worker] o.s.a.r.c.CachingConnectionFactory       : Created new connection: rabbitConnectionFactory#6921bd17:0/SimpleConnection@5b4deeda [delegate=amqp://guest@127.0.0.1:5672/, localPort= 64092]
2021-02-09 14:17:10.974  INFO 17324 --- [    Test worker] o.s.amqp.rabbit.core.RabbitAdmin         : Auto-declaring a non-durable, auto-delete, or exclusive Queue (spring-boot) durable:false, auto-delete:false, exclusive:false. It will be redeclared if the broker stops and is restarted while the connection factory is alive, but all messages will be lost.
2021-02-09 14:17:11.096  INFO 17324 --- [    Test worker] c.e.m.MessagingRabbitmqApplicationTest   : Started MessagingRabbitmqApplicationTest in 4.009 seconds (JVM running for 6.847)
Received <Hello from RabbitMQ!>
]]></system-out>
  <system-err><![CDATA[]]></system-err>
</testsuite>
